2024-03-18 13:04:05.567901: openNotes
2024-03-18 13:04:05.568218: refreshList
2024-03-18 13:04:05.568331: setCurrentNote
2024-03-18 13:04:05.568370: displayContent
2024-03-18 13:04:05.609697: onFocusChanged
2024-03-18 13:04:07.333053: onItemClicked
2024-03-18 13:04:07.333694: setCurrentNote
2024-03-18 13:04:07.334023: displayContent
2024-03-18 13:04:08.202795: onItemClicked
2024-03-18 13:04:08.203413: setCurrentNote
2024-03-18 13:04:08.203695: displayContent
2024-03-18 13:04:08.811762: onItemClicked
2024-03-18 13:04:08.812636: setCurrentNote
2024-03-18 13:04:08.813105: displayContent
2024-03-18 13:04:09.411763: onItemClicked
2024-03-18 13:04:09.412609: setCurrentNote
2024-03-18 13:04:09.413101: displayContent
2024-03-18 13:04:13.124325: onItemClicked
2024-03-18 13:04:13.125142: setCurrentNote
2024-03-18 13:04:13.125612: displayContent
2024-03-18 13:04:16.569355: onItemClicked
2024-03-18 13:04:16.570240: setCurrentNote
2024-03-18 13:04:16.570752: displayContent
2024-03-18 13:04:19.706645: onFocusChanged
2024-03-18 13:04:27.610849: onFocusChanged
2024-03-18 13:04:27.612370: displayContent
2024-03-18 13:04:27.614335: saveNotes
2024-03-18 13:04:27.614957: refreshList
2024-03-18 13:04:27.774070: onItemClicked
2024-03-18 13:04:27.774294: setCurrentNote
2024-03-18 13:04:27.774644: displayContent
2024-03-18 13:04:30.311536: onFocusChanged
